(full_blown.tex

ConTeXt  ver: 2010.02.23 14:10 MKIV  fmt: 2010.6.8  int: english/english

system          : cont-new loaded
(/home/serk17/context/tex/texmf-context/tex/context/base/cont-new.tex
systems         : beware: some patches loaded from cont-new.tex
(/home/serk17/context/tex/texmf-context/tex/context/base/cont-new.mkiv))
system          : cont-fil loaded
(/home/serk17/context/tex/texmf-context/tex/context/base/cont-fil.tex
loading         : ConTeXt File Synonyms
)
system          : cont-sys.rme loaded
(/home/serk17/context/tex/texmf-context/tex/context/user/cont-sys.rme (/home/serk17/context/tex/texmf-context/tex/context/base/type-def.mkiv) (/home/serk17/context/tex/texmf-context/tex/context/base/type-lua.tex) (/home/serk17/context/tex/texmf-context/tex/context/base/type-siz.tex (/home/serk17/context/tex/texmf-context/tex/context/base/type-siz.mkiv)) (/home/serk17/context/tex/texmf-context/tex/context/base/type-otf.tex (/home/serk17/context/tex/texmf-context/tex/context/base/type-otf.mkiv)))
system          : full_blown.top loaded
%
%	begin of optionfile
%
%	% runtime options files (command line driven)
%	\unprotect
%	% special commands, mostly for the ctx development team
%	% feedback and basic job control
%	% handy for special styles
%	\startluacode
%	document = document or { }
%	document.arguments={
%	}
%	document.files={
%	 "full_blown.tex",
%	}
%	\stopluacode
%	% process info
%	\setupsystem[inputfile=full_blown.tex]
%	\setupsystem[\c!n=2,\c!m=3]
%	% modes
%	% options (not that important)
%	\startsetups *runtime:options
%	\setupoutput[pdftex]
%	\stopsetups
%	% styles and modules
%	\startsetups *runtime:modules
%	\stopsetups
%	% done
%	\protect \endinput
%
%	end of optionfile
%
(full_blown.top)
fonts           : preloading latin modern fonts
bodyfont        : 12pt rm is loaded
language        : language en is active
color           : system all is global activated
interaction     : active
(/home/serk17/context/tex/texmf-context/tex/context/third/simplefonts/t-simplefonts.tex
loading         : ConTeXt User Module / Simplefonts
)
system          : module simplefonts loaded
check           : missing or ungrouped '=' after '11pt' in line 8 (@@@@sfmonofont)
check           : missing or ungrouped '=' after '11pt' in line 8 ()
systems         : begin file full_blown.tex at line 81
structure       : chapter @ level 2 : 0.1 -> Introduction
fonts           : resetting map file list
{/home/serk17/context/tex/texmf-context/fonts/map/pdftex/context/original-empty.map}
fonts           : using map file: original-base
{/home/serk17/context/tex/texmf-context/fonts/map/pdftex/context/original-base.map}
fonts           : using map file: original-ams-base
{/home/serk17/context/tex/texmf-context/fonts/map/pdftex/context/original-ams-base.map}
fonts           : using map file: original-ams-euler
{/home/serk17/context/tex/texmf-context/fonts/map/pdftex/context/original-ams-euler.map}
fonts           : using map file: original-public-lm
{/home/serk17/context/tex/texmf-context/fonts/map/pdftex/context/original-public-lm.map}
fonts           : using map file: lm-math
{/home/serk17/context/tex/texmf/fonts/map/dvips/lm/lm-math.map}
fonts           : using map file: lm-rm
{/home/serk17/context/tex/texmf/fonts/map/dvips/lm/lm-rm.map}
!pages          : flushing realpage 1, userpage 1, subpage 1
structure       : section @ level 3 : 0.1.1 -> Screens
!pages          : flushing realpage 2, userpage 2
structure       : subsection @ level 4 : 0.1.1.1 -> Screens as material, screens as process
!pages          : flushing realpage 3, userpage 3
!pages          : flushing realpage 4, userpage 4
structure       : section @ level 3 : 0.1.2 -> From Screens to Text
!pages          : flushing realpage 5, userpage 5
structure       : subsection @ level 4 : 0.1.2.1 -> Recognizing the Ontogenesis in Generativity

Overfull \hbox (2.70714pt too wide) in paragraph at lines 373--382
[][]\*simplefonts:212ptrmtf* By trans-duc-tion we mean an op-er-a-tion---phys-i-cal, bi-o-log-i-cal, men-tal, so-cial---by which

\hbox(8.32617+2.58984)x426.78743, glue set - 1.0, direction TLT
.\whatsit
..\localinterlinepenalty=0
..\localbrokenpenalty=0
..\localleftbox=null
..\localrightbox=null
.\hbox(0.0+0.0)x18.0, direction TLT
.\*simplefonts:212ptrmtf* B
.\*simplefonts:212ptrmtf* y
.\glue 3.0 plus 1.5 minus 1.0
.etc.


Overfull \hbox (1.09734pt too wide) in paragraph at lines 383--389
\*simplefonts:212ptrmtf* lu-tion to the on-to-ge-n-e-sis prob-lem-atic pro-vides a frame-work for de-scrib-ing dig-i-tal processes

\hbox(8.44922+2.58984)x426.78743, glue set - 1.0, direction TLT
.\*simplefonts:212ptrmtf* l
.\*simplefonts:212ptrmtf* u
.\discretionary
..\*simplefonts:212ptrmtf* -
.\*simplefonts:212ptrmtf* t
.\*simplefonts:212ptrmtf* i
.etc.

!pages          : flushing realpage 6, userpage 6

Overfull \hbox (3.39091pt too wide) in paragraph at lines 418--428
[]\*simplefonts:212ptrmtf* called [] []‘  mark-down. []  ’ The poly-cephalous na-ture of \*simplefonts:212ptrmsl* the text it-self \*simplefonts:212ptrmtf* thus de-mands fur-ther branch-[]

\hbox(11.10378+4.3181)x426.78743, glue set - 1.0, direction TLT
.\begindir TLT
.\*simplefonts:212ptrmtf* c
.\*simplefonts:212ptrmtf* a
.\*simplefonts:212ptrmtf* l
.\*simplefonts:212ptrmtf* l
.etc.

structure       : subsubsection @ level 5 : 0.1.2.1.1 -> Print is static, code is process
!pages          : flushing realpage 7, userpage 7
structure       : section @ level 3 : 0.1.3 -> Remote Controls
structure       : section @ level 3 : 0.1.4 -> Attributes of Process
!pages          : flushing realpage 8, userpage 8
structure       : section @ level 3 : 0.1.5 -> Why free software?
!pages          : flushing realpage 9, userpage 9

Underfull \hbox (badness 10000) in paragraph at lines 573--578
 \*simplefonts:212ptrmtf* OS X can be mod-i-fied by no one.

\hbox(8.44922+2.58984)x426.78743, glue set 9.90416, direction TLT
.\glue(\leftskip) 28.45274 plus 24.0
.\*simplefonts:212ptrmtf* O
.\*simplefonts:212ptrmtf* S
.\glue 3.0
.\*simplefonts:212ptrmtf* X
.etc.


Underfull \hbox (badness 10000) in paragraph at lines 581--584
 \*simplefonts:212ptrmtf* GNU/Linux, mean-while,

\hbox(8.32617+1.8457)x426.78743, glue set 11.61217, direction TLT
.\glue(\leftskip) 28.45274 plus 24.0
.\*simplefonts:212ptrmtf* G
.\*simplefonts:212ptrmtf* N
.\*simplefonts:212ptrmtf* U
.\*simplefonts:212ptrmtf* /
.etc.


Underfull \hbox (badness 1389) in paragraph at lines 587--594
 \*simplefonts:212ptrmtf* the con-tributer can sim-ply fork the code-base and con-tinue evolv-ing the

\hbox(8.44922+2.58984)x426.78743, glue set 2.40733, direction TLT
.\glue(\leftskip) 28.45274 plus 24.0
.\*simplefonts:212ptrmtf* t
.\*simplefonts:212ptrmtf* h
.\*simplefonts:212ptrmtf* e
.\glue(\spaceskip) 3.0
.etc.

!pages          : flushing realpage 10, userpage 10

Overfull \hbox (30.75359pt too wide) in paragraph at lines 619--620
 [] [] []\*simplefonts:212ptrmtf* Are

\hbox(11.10378+4.3181)x426.78743, direction TLT
.\glue(\leftskip) 28.45274 plus 24.0
.\whatsit
..\localinterlinepenalty=0
..\localbrokenpenalty=0
..\localleftbox=null
..\localrightbox=null
.\glue -28.45274
.\latelua0{structure.lists.enhance(22)}
.\leaders 0.0
..\rule(0.4+0.0)x*
.etc.


Underfull \hbox (badness 10000) in paragraph at lines 619--620
 \*simplefonts:212ptrmtf* you get-ting the pic-ture?

\hbox(8.32617+2.58984)x426.78743, glue set 11.86266, direction TLT
.\glue(\leftskip) 28.45274 plus 24.0
.\*simplefonts:212ptrmtf* y
.\*simplefonts:212ptrmtf* o
.\*simplefonts:212ptrmtf* u
.\glue(\spaceskip) 3.0
.etc.

structure       : subsection @ level 4 : 0.1.5.1 -> Caveats
!pages          : flushing realpage 11, userpage 11
!pages          : flushing realpage 12, userpage 12
structure       : chapter @ level 2 : 0.2 -> Substrates of Digital Process
structure       : section @ level 3 : 0.2.1 -> Alan Kay and a `Metamedium´ Vision for Personal Computing

Overfull \hbox (23.77702pt too wide) in paragraph at lines 692--705
[][]\*simplefonts:212ptrmtf* Cul-tural soft-ware---and the \*simplefonts:212ptrmsl* cul-tural com-put-ing \*simplefonts:212ptrmtf* which it fa-cil-i-tates---is de-fined by Manovich

\hbox(8.44922+2.58984)x426.78743, glue set - 1.0, direction TLT
.\whatsit
..\localinterlinepenalty=0
..\localbrokenpenalty=0
..\localleftbox=null
..\localrightbox=null
.\hbox(0.0+0.0)x18.0, direction TLT
.\*simplefonts:212ptrmtf* C
.\*simplefonts:212ptrmtf* u
.\*simplefonts:212ptrmtf* l
.etc.


Overfull \hbox (6.43358pt too wide) in paragraph at lines 692--705
\*simplefonts:212ptrmtf* in-di-vid-ual who not only the-o-rit-i-cally for-mu-lated a vi-sion of the com-puter as a [] []‘  metamedium []  ’

\hbox(11.10378+4.3181)x426.78743, glue set - 1.0, direction TLT
.\*simplefonts:212ptrmtf* i
.\*simplefonts:212ptrmtf* n
.\discretionary
..\*simplefonts:212ptrmtf* -
.\*simplefonts:212ptrmtf* d
.\*simplefonts:212ptrmtf* i
.etc.

!pages          : flushing realpage 13, userpage 13

Overfull \hbox (14.73538pt too wide) in paragraph at lines 706--730
[]\*simplefonts:212ptrmtf* 1993)[[]smalltalk]: http://gagne.homedns.org/~tgagne/con-trib/Ear-ly-His-to-ryST.html[] 

\hbox(11.10378+4.3181)x426.78743, glue set - 1.0, direction TLT
.\begindir TLT
.\*simplefonts:212ptrmtf* 1
.\*simplefonts:212ptrmtf* 9
.\*simplefonts:212ptrmtf* 9
.\*simplefonts:212ptrmtf* 3
.etc.


Overfull \hbox (9.71042pt too wide) in paragraph at lines 731--745
[][]\*simplefonts:212ptrmtf* To this end, Kay and other mem-bers of the PARC team de-vel-oped this lan-guage Smalltalk

\hbox(8.44922+2.58984)x426.78743, glue set - 1.0, direction TLT
.\whatsit
..\localinterlinepenalty=0
..\localbrokenpenalty=0
..\localleftbox=null
..\localrightbox=null
.\hbox(0.0+0.0)x18.0, direction TLT
.\*simplefonts:212ptrmtf* T
.\kern -0.83789
.\*simplefonts:212ptrmtf* o
.etc.


Overfull \hbox (0.31363pt too wide) in paragraph at lines 731--745
\*simplefonts:212ptrmtf* have found in-creas-ing adop-tion in com-puter pro-gram-ming lan-guges. For in-stance, Yukhiro

\hbox(8.44922+2.58984)x426.78743, glue set - 1.0, direction TLT
.\*simplefonts:212ptrmtf* h
.\*simplefonts:212ptrmtf* a
.\*simplefonts:212ptrmtf* v
.\*simplefonts:212ptrmtf* e
.\glue 3.0 plus 1.5 minus 1.0
.etc.


Overfull \hbox (3.05632pt too wide) in paragraph at lines 731--745
\*simplefonts:212ptrmtf* Matzu-moto’s pop-u-lar lan-guage Ruby of-fers all three of these char-ac-ter-is-tics and the founder

\hbox(8.44922+2.58984)x426.78743, glue set - 1.0, direction TLT
.\*simplefonts:212ptrmtf* M
.\*simplefonts:212ptrmtf* a
.\*simplefonts:212ptrmtf* t
.\*simplefonts:212ptrmtf* z
.\*simplefonts:212ptrmtf* u
.etc.

!pages          : flushing realpage 14, userpage 14
!pages          : flushing realpage 15, userpage 15
structure       : subsubsection @ level 5 : 0.2.1.0.1 -> Operating Systems as the Substrates of Contemporary Design
structure       : section @ level 3 : 0.2.2 -> The evolving nature of operating systems
!pages          : flushing realpage 16, userpage 16

Overfull \hbox (18.31493pt too wide) in paragraph at lines 887--898
[][][]\*simplefonts:212ptrmtf* Com-puter pro-gram-mer Gar-rett Birkel, writ-ing in his up-date/re-sponse to Stephen-son---¨The[]

\hbox(8.32617+2.58984)x426.78743, glue set - 1.0, direction TLT
.\whatsit
..\localinterlinepenalty=0
..\localbrokenpenalty=0
..\localleftbox=null
..\localrightbox=null
.\begindir TLT
.\hbox(0.0+0.0)x18.0, direction TLT
.\*simplefonts:212ptrmtf* C
.\*simplefonts:212ptrmtf* o
.etc.


Overfull \hbox (4.83562pt too wide) in paragraph at lines 887--898
[]\*simplefonts:212pttttf* a singular name. And our concept of an\*simplefonts:212ptrmtf* Op-er-at-ing Sys-tem´ has evolved right along,[]

\hbox(8.34375+2.58984)x426.78743, glue set - 1.0, direction TLT
.\begindir TLT
.\*simplefonts:212pttttf* a
.\glue 6.0
.\*simplefonts:212pttttf* s
.\*simplefonts:212pttttf* i
.etc.

!pages          : flushing realpage 17, userpage 17
structure       : subsection @ level 4 : 0.2.2.1 -> Unix and Code Drift
structure       : subsection @ level 4 : 0.2.2.2 -> Mac OS X: Process Hybridity in Action
!pages          : flushing realpage 18, userpage 18
!pages          : flushing realpage 19, userpage 19
 <images/os_x_architecture.png>
!pages          : flushing realpage 20, userpage 20
!pages          : flushing realpage 21, userpage 21
structure       : section @ level 3 : 0.2.3 -> Design Beyond the Proprietary
!pages          : flushing realpage 22, userpage 22
structure       : subsection @ level 4 : 0.2.3.1 -> Traditional Design Interfaces in FLoSS
!pages          : flushing realpage 23, userpage 23
structure       : subsubsubsection @ level 6 : 0.2.3.1.0.1 -> Software Time
!pages          : flushing realpage 24, userpage 24
!pages          : flushing realpage 25, userpage 25
structure       : chapter @ level 2 : 0.3 -> Screenic Text
structure       : section @ level 3 : 0.3.1 -> Text as Interface/Text as Process
!pages          : flushing realpage 26, userpage 26
!pages          : flushing realpage 27, userpage 27
structure       : subsection @ level 4 : 0.3.1.1 -> Remediation and the Command Line
!pages          : flushing realpage 28, userpage 28
structure       : section @ level 3 : 0.3.2 -> Language is Programming
!pages          : flushing realpage 29, userpage 29
structure       : section @ level 3 : 0.3.3 -> Language adds dimensions
!pages          : flushing realpage 30, userpage 30
!pages          : flushing realpage 31, userpage 31
structure       : section @ level 3 : 0.3.4 -> Top Down, Bottom Up
structure       : subsection @ level 4 : 0.3.4.1 -> WYSIWYG
!pages          : flushing realpage 32, userpage 32
structure       : subsection @ level 4 : 0.3.4.2 -> Processed Text
!pages          : flushing realpage 33, userpage 33
structure       : chapter @ level 2 : 0.4 -> Constraints: Generative Design in FLoSS
structure       : section @ level 3 : 0.4.1 -> Enter the Conditional

Underfull \hbox (badness 10000) in paragraph at lines 1668--1669
 [] [] []\*simplefonts:212ptrmtf* The process is the prod-uct.

\hbox(11.10378+4.3181)x426.78743, glue set 9.81699, direction TLT
.\glue(\leftskip) 28.45274 plus 24.0
.\whatsit
..\localinterlinepenalty=0
..\localbrokenpenalty=0
..\localleftbox=null
..\localrightbox=null
.\glue -28.45274
.\latelua0{structure.lists.enhance(47)}
.\leaders 0.0
..\rule(0.4+0.0)x*
.etc.


Underfull \hbox (badness 10000) in paragraph at lines 1673--1674
 [][]\*simplefonts:212ptrmtf* The process pro-duces for-ma-tions rather than forms.

\hbox(8.44922+2.55469)x426.78743, glue set 6.28111, direction TLT
.\glue(\leftskip) 28.45274 plus 24.0
.\whatsit
..\localinterlinepenalty=0
..\localbrokenpenalty=0
..\localleftbox=null
..\localrightbox=null
.\hbox(0.0+0.0)x0.0, direction TLT
.\*simplefonts:212ptrmtf* T
.\*simplefonts:212ptrmtf* h
.etc.


Underfull \hbox (badness 10000) in paragraph at lines 1675--1676
 [][]\*simplefonts:212ptrmtf* We search for un-ex-pected but cor-rel-a-tive, emer-gent pat-terns.

\hbox(8.44922+2.58984)x426.78743, glue set 4.46275, direction TLT
.\glue(\leftskip) 28.45274 plus 24.0
.\whatsit
..\localinterlinepenalty=0
..\localbrokenpenalty=0
..\localleftbox=null
..\localrightbox=null
.\hbox(0.0+0.0)x0.0, direction TLT
.\*simplefonts:212ptrmtf* W
.\kern -0.96094
.etc.


Underfull \hbox (badness 10000) in paragraph at lines 1677--1679
 \*simplefonts:212ptrmtf* stems from sub-jec-tive in-ten-tions.

\hbox(8.44922+2.55469)x426.78743, glue set 9.98717, direction TLT
.\glue(\leftskip) 28.45274 plus 24.0
.\*simplefonts:212ptrmtf* s
.\*simplefonts:212ptrmtf* t
.\*simplefonts:212ptrmtf* e
.\*simplefonts:212ptrmtf* m
.etc.


Underfull \hbox (badness 10000) in paragraph at lines 1682--1683
 [] [] []\*simplefonts:212ptrmtf* Logic is our tool.

\hbox(11.10378+4.3181)x426.78743, glue set 12.14438, direction TLT
.\glue(\leftskip) 28.45274 plus 24.0
.\whatsit
..\localinterlinepenalty=0
..\localbrokenpenalty=0
..\localleftbox=null
..\localrightbox=null
.\glue -28.45274
.\latelua0{structure.lists.enhance(48)}
.\leaders 0.0
..\rule(0.4+0.0)x*
.etc.


Underfull \hbox (badness 10000) in paragraph at lines 1684--1685
 [][]\*simplefonts:212ptrmtf* Logic is our method for ac-cen-tu-at-ing the un-gras-pable.

\hbox(8.44922+2.58984)x426.78743, glue set 5.79527, direction TLT
.\glue(\leftskip) 28.45274 plus 24.0
.\whatsit
..\localinterlinepenalty=0
..\localbrokenpenalty=0
..\localleftbox=null
..\localrightbox=null
.\hbox(0.0+0.0)x0.0, direction TLT
.\*simplefonts:212ptrmtf* L
.\*simplefonts:212ptrmtf* o
.etc.


Overfull \hbox (5.21257pt too wide) in paragraph at lines 9--89
[][]\*simplefonts:212pttttf* We use logic to design the conditions through which the process can take

\hbox(11.10378+4.3181)x426.78743, direction TLT
.\whatsit
..\localinterlinepenalty=0
..\localbrokenpenalty=0
..\localleftbox=null
..\localrightbox=null
.\hbox(11.10378+4.3181)x0.0, direction TLT
.\*simplefonts:212pttttf* W
.\*simplefonts:212pttttf* e
.\glue 6.0
.etc.


Overfull \hbox (29.21257pt too wide) in paragraph at lines 255--349
[][]\*simplefonts:212pttttf* Constraints sharpen the perspective on the process and stimulate play within

\hbox(11.10378+4.3181)x426.78743, direction TLT
.\whatsit
..\localinterlinepenalty=0
..\localbrokenpenalty=0
..\localleftbox=null
..\localrightbox=null
.\hbox(11.10378+4.3181)x0.0, direction TLT
.\*simplefonts:212pttttf* C
.\*simplefonts:212pttttf* o
.\*simplefonts:212pttttf* n
.etc.


Underfull \hbox (badness 10000) in paragraph at lines 1705--1706
 [] [] []\*simplefonts:212ptrmtf* The in-put is our ma-te-r-ial.

\hbox(11.10378+4.3181)x426.78743, glue set 10.51938, direction TLT
.\glue(\leftskip) 28.45274 plus 24.0
.\whatsit
..\localinterlinepenalty=0
..\localbrokenpenalty=0
..\localleftbox=null
..\localrightbox=null
.\glue -28.45274
.\latelua0{structure.lists.enhance(49)}
.\leaders 0.0
..\rule(0.4+0.0)x*
.etc.


Underfull \hbox (badness 10000) in paragraph at lines 1707--1708
 [][]\*simplefonts:212ptrmtf* In-put en-gages logic and ac-ti-vates and in-flu-ences the process.

\hbox(8.44922+2.58984)x426.78743, glue set 4.44884, direction TLT
.\glue(\leftskip) 28.45274 plus 24.0
.\whatsit
..\localinterlinepenalty=0
..\localbrokenpenalty=0
..\localleftbox=null
..\localrightbox=null
.\hbox(0.0+0.0)x0.0, direction TLT
.\*simplefonts:212ptrmtf* I
.\*simplefonts:212ptrmtf* n
.etc.

!pages          : flushing realpage 34, userpage 34

Underfull \hbox (badness 10000) in paragraph at lines 1709--1711
 []\*simplefonts:212ptrmtf* and its hu-man in-ter-ac-tions.[]

\hbox(8.32617+0.16992)x426.78743, glue set 11.20958, direction TLT
.\glue(\leftskip) 28.45274 plus 24.0
.\begindir TLT
.\*simplefonts:212ptrmtf* a
.\*simplefonts:212ptrmtf* n
.\*simplefonts:212ptrmtf* d
.etc.

structure       : section @ level 3 : 0.4.2 -> Generative Design is driven by text
structure       : section @ level 3 : 0.4.3 -> Cases
structure       : subsection @ level 4 : 0.4.3.1 -> The Piet Zwart Institute
!pages          : flushing realpage 35, userpage 35
structure       : subsection @ level 4 : 0.4.3.2 -> Open Source Publishers
!pages          : flushing realpage 36, userpage 36
!pages          : flushing realpage 37, userpage 37
structure       : chapter @ level 2 : 0.5 -> Crystalized Process: Text That Typesets Itself
structure       : section @ level 3 : 0.5.1 -> Environment of Operation
!pages          : flushing realpage 38, userpage 38

Underfull \hbox (badness 10000) in paragraph at lines 1879--1
 [][] [] [][]

\hbox(11.10378+4.3181)x426.78743, glue set 15.25497, direction TLT
.\glue(\leftskip) 28.45274 plus 24.0
.\whatsit
..\localinterlinepenalty=0
..\localbrokenpenalty=0
..\localleftbox=null
..\localrightbox=null
.\begindir TLT
.\glue -28.45274
.\latelua0{structure.lists.enhance(58)}
.etc.


Underfull \hbox (badness 10000) in paragraph at lines 9--43
 [][][]\*simplefonts:212pttttf* <h1>Environment of Operation</h1>[]

\hbox(11.10378+4.3181)x426.78743, glue set 8.34727, direction TLT
.\glue(\leftskip) 28.45274 plus 24.0
.\whatsit
..\localinterlinepenalty=0
..\localbrokenpenalty=0
..\localleftbox=null
..\localrightbox=null
.\begindir TLT
.\hbox(11.10378+4.3181)x0.0, direction TLT
.\*simplefonts:212pttttf* <
.etc.


Underfull \hbox (badness 10000) in paragraph at lines 1885--1
 [] [] []

\hbox(11.10378+4.3181)x426.78743, glue set 14.90244, direction TLT
.\glue(\leftskip) 28.45274 plus 24.0
.\whatsit
..\localinterlinepenalty=0
..\localbrokenpenalty=0
..\localleftbox=null
..\localrightbox=null
.\glue -28.45274
.\latelua0{structure.lists.enhance(59)}
.\leaders 0.0
..\rule(0.4+0.0)x*
.etc.


Underfull \hbox (badness 10000) in paragraph at lines 9--44
 [][]\*simplefonts:212pttttf* \section{Environment of Operation}

\hbox(11.10378+4.3181)x426.78743, glue set 8.09727, direction TLT
.\glue(\leftskip) 28.45274 plus 24.0
.\whatsit
..\localinterlinepenalty=0
..\localbrokenpenalty=0
..\localleftbox=null
..\localrightbox=null
.\hbox(11.10378+4.3181)x0.0, direction TLT
.\*simplefonts:212pttttf* \
.\*simplefonts:212pttttf* s
.etc.

structure       : subsection @ level 4 : 0.5.1.1 -> Constraints
floatblocks     : 1 saved
!pages          : flushing realpage 39, userpage 39
floatblocks     : 1 moved
 <images/two_editors.png (PNG copy)>
!pages          : flushing realpage 40, userpage 40
structure       : chapter @ level 2 : 0.6 -> Bibliography
structure       : subject @ level 3 : 0.6.0 -> Bibliography

Overfull \hbox (37.13327pt too wide) in paragraph at lines 1972--1977
[][]\*simplefonts:212ptrmtf* Cramer, Flo-rian. (2001). [] []“  Dig-i-tal Code and Lit-er-ary Text []  ”. \*simplefonts:212ptrmsl* net-zl-i-tu-ratur\*simplefonts:212ptrmtf* . Web. <\*simplefonts:212ptrmbf* http://www.net-

\hbox(11.10378+4.3181)x426.78743, glue set - 1.0, direction TLT
.\whatsit
..\localinterlinepenalty=0
..\localbrokenpenalty=0
..\localleftbox=null
..\localrightbox=null
.\hbox(0.0+0.0)x0.0, direction TLT
.\*simplefonts:212ptrmtf* C
.\*simplefonts:212ptrmtf* r
.\*simplefonts:212ptrmtf* a
.etc.


Overfull \hbox (9.55069pt too wide) in paragraph at lines 1972--1977
\*simplefonts:212ptrmbf* zlit-er-atur.net/cramer/dig-i-tal_code_and_lit-er-ary_text.html\*simplefonts:212ptrmtf* > (last ac-cessed 5 June

\hbox(8.32617+2.64844)x390.65244, glue set - 1.0, direction TLT
.\*simplefonts:212ptrmbf* z
.\*simplefonts:212ptrmbf* l
.\*simplefonts:212ptrmbf* i
.\*simplefonts:212ptrmbf* t
.\discretionary
..\*simplefonts:212ptrmbf* -
.etc.


Overfull \hbox (27.78181pt too wide) in paragraph at lines 1978--1982
\*simplefonts:212ptrmtf* Piet Zwart In-sti-tute. PDF. <\*simplefonts:212ptrmbf* http://pzwart.wdka.hro.nl/mdr/re-search/fcramer/words-

\hbox(8.44922+2.55469)x390.65244, glue set - 1.0, direction TLT
.\*simplefonts:212ptrmtf* P
.\*simplefonts:212ptrmtf* i
.\*simplefonts:212ptrmtf* e
.\*simplefonts:212ptrmtf* t
.\glue 3.0 plus 1.5 minus 1.0
.etc.


Overfull \hbox (195.34186pt too wide) in paragraph at lines 1987--1993
\*simplefonts:212ptrmtf* Meet-ing 2010, Brus-sels. On-line video. <\*simplefonts:212ptrmbf* http://river-val-ley.tv/how-to-run-an-art-school-on-free-and-open-source-soft-

\hbox(8.44922+2.58984)x390.65244, glue set - 1.0, direction TLT
.\*simplefonts:212ptrmtf* M
.\*simplefonts:212ptrmtf* e
.\*simplefonts:212ptrmtf* e
.\*simplefonts:212ptrmtf* t
.\discretionary
..\*simplefonts:212ptrmtf* -
.etc.


Overfull \hbox (7.97713pt too wide) in paragraph at lines 1994--1999
\*simplefonts:212ptrmtf* Web. <\*simplefonts:212ptrmbf* http://www.net-time.org/Lists-Archives/net-time-l--0009/msg00040.html\*simplefonts:212ptrmtf* >

\hbox(8.32617+2.64844)x390.65244, glue set - 1.0, direction TLT
.\*simplefonts:212ptrmtf* W
.\kern -0.96094
.\*simplefonts:212ptrmtf* e
.\*simplefonts:212ptrmtf* b
.\*simplefonts:212ptrmtf* .
.etc.


Overfull \hbox (40.22583pt too wide) in paragraph at lines 2008--2012
\*simplefonts:212ptrmtf* 2010. Web. \*simplefonts:212ptrmbf* http://www.sa-lon.com/tech-nol-ogy/ap-ple/in-dex.html?story=/tech/dan_gill-

\hbox(8.32617+2.64844)x390.65244, glue set - 1.0, direction TLT
.\*simplefonts:212ptrmtf* 2
.\*simplefonts:212ptrmtf* 0
.\*simplefonts:212ptrmtf* 1
.\*simplefonts:212ptrmtf* 0
.\*simplefonts:212ptrmtf* .
.etc.

!pages          : flushing realpage 41, userpage 41

Overfull \hbox (125.18994pt too wide) in paragraph at lines 2013--2017
[][][]\*simplefonts:212ptrmtf* Ha-gen, Hans. (2009). \*simplefonts:212ptrmsl* The his-tory of lu-a-TeX\*simplefonts:212ptrmtf* . Nether-lands: Pragma ADE. Web. <\*simplefonts:212ptrmbf* http://www.pragma-ade.com/gen-[]

\hbox(8.44922+2.64844)x426.78743, glue set - 1.0, direction TLT
.\whatsit
..\localinterlinepenalty=0
..\localbrokenpenalty=0
..\localleftbox=null
..\localrightbox=null
.\begindir TLT
.\hbox(0.0+0.0)x0.0, direction TLT
.\*simplefonts:212ptrmtf* H
.\*simplefonts:212ptrmtf* a
.etc.


Overfull \hbox (81.78899pt too wide) in paragraph at lines 2026--2031
\*simplefonts:212ptrmsl* Source at Google \*simplefonts:212ptrmtf* blog. 18 June 2010. Web. <\*simplefonts:212ptrmbf* http://google-open-source.blogspot.com/2010/06/in-

\hbox(8.32617+2.64844)x390.65244, glue set - 1.0, direction TLT
.\*simplefonts:212ptrmsl* S
.\*simplefonts:212ptrmsl* o
.\*simplefonts:212ptrmsl* u
.\*simplefonts:212ptrmsl* r
.\kern -0.44531
.etc.


Overfull \hbox (75.99771pt too wide) in paragraph at lines 2043--2047
[][]\*simplefonts:212ptrmsl* Ker-nel (com-put-ing)\*simplefonts:212ptrmtf* . (2010). [] []“  Ker-nel (com-put-ing) []  ”. \*simplefonts:212ptrmsl* Wikipedia\*simplefonts:212ptrmtf* . Web. <[http://en.wikipedia.org/wiki/Ker-

\hbox(11.10378+4.3181)x426.78743, glue set - 1.0, direction TLT
.\whatsit
..\localinterlinepenalty=0
..\localbrokenpenalty=0
..\localleftbox=null
..\localrightbox=null
.\hbox(0.0+0.0)x0.0, direction TLT
.\*simplefonts:212ptrmsl* K
.\*simplefonts:212ptrmsl* e
.\*simplefonts:212ptrmsl* r
.etc.


Overfull \hbox (5.45085pt too wide) in paragraph at lines 2043--2047
\*simplefonts:212ptrmtf* nel\*simplefonts:212ptrmsl* %28com-put-ing%29](http://en.wikipedia.org/wiki/Ker-nel\*simplefonts:212ptrmtf* %28computing%29)> (last ac-

\hbox(8.32617+2.58984)x426.78743, glue set - 1.0, direction TLT
.\*simplefonts:212ptrmtf* n
.\*simplefonts:212ptrmtf* e
.\*simplefonts:212ptrmtf* l
.\*simplefonts:212ptrmsl* %
.\*simplefonts:212ptrmsl* 2
.etc.

!pages          : flushing realpage 42, userpage 42

Overfull \hbox (28.00089pt too wide) in paragraph at lines 2076--2081
[]\*simplefonts:212ptrmtf* Peo-ple []  ”. \*simplefonts:212ptrmsl* The Con-sumerist\*simplefonts:212ptrmtf* . 21 June 2010. Wev. <\*simplefonts:212ptrmbf* http://con-sumerist.com/2010/06/pri-[]

\hbox(11.10378+4.3181)x390.65244, glue set - 1.0, direction TLT
.\begindir TLT
.\*simplefonts:212ptrmtf* P
.\*simplefonts:212ptrmtf* e
.\*simplefonts:212ptrmtf* o
.\discretionary
..\*simplefonts:212ptrmtf* -
.etc.


Overfull \hbox (16.99176pt too wide) in paragraph at lines 2095--2099
\*simplefonts:212ptrmtf* tage []  ”. \*simplefonts:212ptrmsl* gen-er-a-tion on-line\*simplefonts:212ptrmtf* . PDF. <\*simplefonts:212ptrmbf* http://www.gen-er-a-tion-on-line.org/c/fc_rent4.pdf\*simplefonts:212ptrmtf* > 

\hbox(11.10378+4.3181)x390.65244, glue set - 1.0, direction TLT
.\*simplefonts:212ptrmtf* t
.\*simplefonts:212ptrmtf* a
.\*simplefonts:212ptrmtf* g
.\*simplefonts:212ptrmtf* e
.\penalty 10000
.etc.


Overfull \hbox (10.10864pt too wide) in paragraph at lines 2109--2113
\*simplefonts:212ptrmtf* stant. Web. \*simplefonts:212ptrmbf* http://os-pub-lish.con-stantvzw.org/wp-con-tent/up-loads/makingof.pdf

\hbox(8.44922+2.64844)x390.65244, glue set - 1.0, direction TLT
.\*simplefonts:212ptrmtf* s
.\*simplefonts:212ptrmtf* t
.\*simplefonts:212ptrmtf* a
.\*simplefonts:212ptrmtf* n
.\*simplefonts:212ptrmtf* t
.etc.


Overfull \hbox (5.54092pt too wide) in paragraph at lines 2117--2121
\*simplefonts:212ptrmtf* <\*simplefonts:212ptrmbf* http://artlung.com/smor-gas-borg/C_R_Y_P_T_O_N_O_M_I_C_O_N.shtml\*simplefonts:212ptrmtf* >

\hbox(8.32617+2.64844)x390.65244, direction TLT
.\*simplefonts:212ptrmtf* <
.\*simplefonts:212ptrmbf* h
.\*simplefonts:212ptrmbf* t
.\*simplefonts:212ptrmbf* t
.\*simplefonts:212ptrmbf* p
.etc.


Overfull \hbox (22.6479pt too wide) in paragraph at lines 2122--2126
[][]\*simplefonts:212ptrmtf* Garfinkel, Sim-son, Daniel Weise, and Steven Strass-man (ed-i-tors). (1994). \*simplefonts:212ptrmsl* The UNIX-HATER´s

\hbox(8.44922+2.55469)x426.78743, glue set - 1.0, direction TLT
.\whatsit
..\localinterlinepenalty=0
..\localbrokenpenalty=0
..\localleftbox=null
..\localrightbox=null
.\hbox(0.0+0.0)x0.0, direction TLT
.\*simplefonts:212ptrmtf* G
.\*simplefonts:212ptrmtf* a
.\*simplefonts:212ptrmtf* r
.etc.


Overfull \hbox (232.79225pt too wide) in paragraph at lines 2122--2126
\*simplefonts:212ptrmsl* Hand-book\*simplefonts:212ptrmtf* . San Ma-teo: IDG World-wide. PDF. <[http://web.mit.edu/[]simsong/www/ugh.pdf)>. 

\hbox(11.10378+4.3181)x390.65244, glue set - 1.0, direction TLT
.\*simplefonts:212ptrmsl* H
.\*simplefonts:212ptrmsl* a
.\*simplefonts:212ptrmsl* n
.\*simplefonts:212ptrmsl* d
.\discretionary
..\*simplefonts:212ptrmsl* -
.etc.


Overfull \hbox (20.30435pt too wide) in paragraph at lines 2127--2131
[][]\*simplefonts:212ptrmsl* Win-dows 1.0\*simplefonts:212ptrmtf* . (2010). [] []“  Win-dows 1.0 []  ”. \*simplefonts:212ptrmsl* Wikipedia\*simplefonts:212ptrmtf* . Web. <\*simplefonts:212ptrmbf* http://en.wikipedia.org/wiki/Win-

\hbox(11.10378+4.3181)x426.78743, glue set - 1.0, direction TLT
.\whatsit
..\localinterlinepenalty=0
..\localbrokenpenalty=0
..\localleftbox=null
..\localrightbox=null
.\hbox(0.0+0.0)x0.0, direction TLT
.\*simplefonts:212ptrmsl* W
.\kern -0.66211
.\*simplefonts:212ptrmsl* i
.etc.


Overfull \hbox (18.63768pt too wide) in paragraph at lines 2132--2136
[][]\*simplefonts:212ptrmsl* Win-dows XP\*simplefonts:212ptrmtf* . (2010). [] []“  Win-dows XP []  ”. \*simplefonts:212ptrmsl* Wikipedia\*simplefonts:212ptrmtf* . Web. <\*simplefonts:212ptrmbf* http://en.wikipedia.org/wiki/Win-

\hbox(11.10378+4.3181)x426.78743, glue set - 1.0, direction TLT
.\whatsit
..\localinterlinepenalty=0
..\localbrokenpenalty=0
..\localleftbox=null
..\localrightbox=null
.\hbox(0.0+0.0)x0.0, direction TLT
.\*simplefonts:212ptrmsl* W
.\kern -0.66211
.\*simplefonts:212ptrmsl* i
.etc.

!pages          : flushing realpage 43, userpage 43
systems         : end file full_blown.tex at line 2143
system          : cont-err loaded
(/home/serk17/context/tex/texmf-context/tex/context/base/cont-err.tex
systems         : no file 'cont-sys.tex', using 'cont-sys.rme' instead
) )</home/serk17/context/tex/texmf/fonts/opentype/public/lm/lmroman10-regular.otf></usr/share/fonts/TTF/ttf-inconsolata.otf></usr/share/fonts/TTF/LiberationSerif-Bold.ttf></usr/share/fonts/TTF/LiberationSerif-Italic.ttf></usr/share/fonts/TTF/LiberationSerif-Regular.ttf>
mkiv lua stats : used config path          - /home/serk17/context/tex/texmf/web2c/texmf.cnf
mkiv lua stats : used cache path           - /home/serk17/context/tex/texmf-cache
mkiv lua stats : input load time           - 0.097 seconds
mkiv lua stats : stored bytecode data      - 203 modules, 48 tables, 251 chunks
mkiv lua stats : loaded tex modules        - 1 requested, 1 found (*-simplefonts), 0 missing
mkiv lua stats : node list callback tasks  - 8 unique task lists, 6 instances (re)created, 5968 calls
mkiv lua stats : cleaned up reserved nodes - 28 nodes, 10 lists of 1408
mkiv lua stats : node memory usage         - 20 glue_spec
mkiv lua stats : h-node processing time    - 2.699 seconds including kernel
mkiv lua stats : attribute processing time - 0.906 seconds front- and backend
mkiv lua stats : used backend              - pdf (backend for directly generating pdf output)
mkiv lua stats : loaded patterns           - en:us:pat:exc:2
mkiv lua stats : language load time        - 0.052 seconds , n=2
mkiv lua stats : startup time              - 1.524 seconds including runtime option file processing
mkiv lua stats : callbacks                 - direct: 8840, indirect: 6771, total: 15611
mkiv lua stats : lxml preparation time     - 0.000 seconds, 0 nodes, 15 lpath calls, 0 cached calls
mkiv lua stats : interactive elements      - 62 references, 56 destinations
mkiv lua stats : v-node processing time    - 0.134 seconds 
mkiv lua stats : result saved in file      - full_blown.pdf
mkiv lua stats : loaded fonts              - 42 files: lmmono10-regular.otf lmmono12-regular.otf lmmono8-regular.otf lmmono9-regular.otf lmroman10-bold.otf lmroman10-regular.otf lmroman12-bold.otf lmroman12-regular.otf lmroman7-bold.otf lmroman7-regular.otf lmroman9-bold.otf lmroman9-regular.otf lmsans10-regular.otf lmsans12-regular.otf lmsans8-regular.otf lmsans9-regular.otf eufb10.tfm eufb7.tfm eufm10.tfm eufm7.tfm msam10.tfm msam7.tfm msbm10.tfm msbm7.tfm lmex10.tfm lmmi10.tfm lmmi12.tfm lmmi7.tfm lmmi9.tfm lmmib10.tfm lmmib7.tfm lmsy10.tfm lmsy7.tfm lmsy9.tfm rm-lmr10.tfm rm-lmr12.tfm rm-lmr7.tfm rm-lmr9.tfm liberationserif-bold.ttf liberationserif-italic.ttf liberationserif-regular.ttf ttf-inconsolata.otf
mkiv lua stats : fonts load time           - 1.826 seconds 
mkiv lua stats : graphics processing time  - 0.009 seconds including tex, n=2
mkiv lua stats : luatex banner             - this is luatex, version beta-0.50.0-2009122419
mkiv lua stats : control sequences         - 32477 of 165536
mkiv lua stats : current memory usage      - 53 MB (ctx: 54 MB)
mkiv lua stats : runtime                   - 14.383 seconds, 42 processed pages, 43 shipped pages, 2.990 pages/second

